<?xml version="1.0" encoding="UTF-8"?>
<testng-results ignored="0" total="8" passed="7" failed="1" skipped="0">
  <reporter-output>
  </reporter-output>
  <suite started-at="2025-03-26T13:48:56 ADT" name="Default suite" finished-at="2025-03-26T13:50:53 ADT" duration-ms="117219">
    <groups>
      <group name="cucumber">
        <method signature="AbstractTestNGCucumberTests.runScenario(io.cucumber.testng.PickleWrapper, io.cucumber.testng.FeatureWrapper)[pri:0, instance:testRunner.CucumberTestRunner@19d37183]" name="runScenario" class="io.cucumber.testng.AbstractTestNGCucumberTests"/>
      </group> <!-- cucumber -->
    </groups>
    <test started-at="2025-03-26T13:48:56 ADT" name="Default test" finished-at="2025-03-26T13:50:53 ADT" duration-ms="117219">
      <class name="testRunner.CucumberTestRunner">
        <test-method is-config="true" signature="setUpClass(org.testng.ITestContext)[pri:0, instance:testRunner.CucumberTestRunner@19d37183]" started-at="2025-03-26T13:48:56 ADT" name="setUpClass" finished-at="2025-03-26T13:48:57 ADT" duration-ms="1128" status="PASS">
          <params>
            <param index="0">
              <value>
                <![CDATA[org.testng.TestRunner@2e869098]]>
              </value>
            </param>
          </params>
          <reporter-output>
          </reporter-output>
        </test-method> <!-- setUpClass -->
        <test-method signature="runScenario(io.cucumber.testng.PickleWrapper, io.cucumber.testng.FeatureWrapper)[pri:0, instance:testRunner.CucumberTestRunner@19d37183]" started-at="2025-03-26T13:48:57 ADT" name="runScenario" description="Runs Cucumber Scenarios" data-provider="scenarios" finished-at="2025-03-26T13:49:14 ADT" duration-ms="17271" status="PASS">
          <params>
            <param index="0">
              <value>
                <![CDATA["Select contact by name"]]>
              </value>
            </param>
            <param index="1">
              <value>
                <![CDATA["Contact page Automation of CRM Demo"]]>
              </value>
            </param>
          </params>
          <reporter-output>
          </reporter-output>
        </test-method> <!-- runScenario -->
        <test-method signature="runScenario(io.cucumber.testng.PickleWrapper, io.cucumber.testng.FeatureWrapper)[pri:0, instance:testRunner.CucumberTestRunner@19d37183]" started-at="2025-03-26T13:49:14 ADT" name="runScenario" description="Runs Cucumber Scenarios" data-provider="scenarios" finished-at="2025-03-26T13:49:31 ADT" duration-ms="16962" status="PASS">
          <params>
            <param index="0">
              <value>
                <![CDATA["Check Create New Contact"]]>
              </value>
            </param>
            <param index="1">
              <value>
                <![CDATA["Contact page Automation of CRM Demo"]]>
              </value>
            </param>
          </params>
          <reporter-output>
          </reporter-output>
        </test-method> <!-- runScenario -->
        <test-method signature="runScenario(io.cucumber.testng.PickleWrapper, io.cucumber.testng.FeatureWrapper)[pri:0, instance:testRunner.CucumberTestRunner@19d37183]" started-at="2025-03-26T13:49:31 ADT" name="runScenario" description="Runs Cucumber Scenarios" data-provider="scenarios" finished-at="2025-03-26T13:49:45 ADT" duration-ms="13784" status="PASS">
          <params>
            <param index="0">
              <value>
                <![CDATA["Check Home Page Title"]]>
              </value>
            </param>
            <param index="1">
              <value>
                <![CDATA["Home page Automation of CRM Demo"]]>
              </value>
            </param>
          </params>
          <reporter-output>
          </reporter-output>
        </test-method> <!-- runScenario -->
        <test-method signature="runScenario(io.cucumber.testng.PickleWrapper, io.cucumber.testng.FeatureWrapper)[pri:0, instance:testRunner.CucumberTestRunner@19d37183]" started-at="2025-03-26T13:49:45 ADT" name="runScenario" description="Runs Cucumber Scenarios" data-provider="scenarios" finished-at="2025-03-26T13:50:00 ADT" duration-ms="14532" status="PASS">
          <params>
            <param index="0">
              <value>
                <![CDATA["Check Loged in User Name"]]>
              </value>
            </param>
            <param index="1">
              <value>
                <![CDATA["Home page Automation of CRM Demo"]]>
              </value>
            </param>
          </params>
          <reporter-output>
          </reporter-output>
        </test-method> <!-- runScenario -->
        <test-method signature="runScenario(io.cucumber.testng.PickleWrapper, io.cucumber.testng.FeatureWrapper)[pri:0, instance:testRunner.CucumberTestRunner@19d37183]" started-at="2025-03-26T13:50:00 ADT" name="runScenario" description="Runs Cucumber Scenarios" data-provider="scenarios" finished-at="2025-03-26T13:50:14 ADT" duration-ms="13917" status="PASS">
          <params>
            <param index="0">
              <value>
                <![CDATA["Check Home Page Link"]]>
              </value>
            </param>
            <param index="1">
              <value>
                <![CDATA["Home page Automation of CRM Demo"]]>
              </value>
            </param>
          </params>
          <reporter-output>
          </reporter-output>
        </test-method> <!-- runScenario -->
        <test-method signature="runScenario(io.cucumber.testng.PickleWrapper, io.cucumber.testng.FeatureWrapper)[pri:0, instance:testRunner.CucumberTestRunner@19d37183]" started-at="2025-03-26T13:50:14 ADT" name="runScenario" description="Runs Cucumber Scenarios" data-provider="scenarios" finished-at="2025-03-26T13:50:27 ADT" duration-ms="13159" status="PASS">
          <params>
            <param index="0">
              <value>
                <![CDATA["Check Login is successful With Valid Creds"]]>
              </value>
            </param>
            <param index="1">
              <value>
                <![CDATA["Login page Automation of CRM Demo"]]>
              </value>
            </param>
          </params>
          <reporter-output>
          </reporter-output>
        </test-method> <!-- runScenario -->
        <test-method signature="runScenario(io.cucumber.testng.PickleWrapper, io.cucumber.testng.FeatureWrapper)[pri:0, instance:testRunner.CucumberTestRunner@19d37183]" started-at="2025-03-26T13:50:27 ADT" name="runScenario" description="Runs Cucumber Scenarios" data-provider="scenarios" finished-at="2025-03-26T13:50:41 ADT" duration-ms="14154" status="FAIL">
          <params>
            <param index="0">
              <value>
                <![CDATA["Check Login is successful With Valid Creds"]]>
              </value>
            </param>
            <param index="1">
              <value>
                <![CDATA["Login page Automation of CRM Demo"]]>
              </value>
            </param>
          </params>
          <exception class="java.lang.AssertionError">
            <message>
              <![CDATA[User is navigated to Home Page did not expect to find [true] but found [false]]]>
            </message>
            <full-stacktrace>
              <![CDATA[java.lang.AssertionError: User is navigated to Home Page did not expect to find [true] but found [false]
at org.testng.Assert.fail(Assert.java:97)
at org.testng.Assert.failNotEquals(Assert.java:969)
at org.testng.Assert.assertTrue(Assert.java:43)
at stepDefinitions.LoginStepDefinition.user_is_navigated_to_home_page(LoginStepDefinition.java:46)
at âœ½.User is navigated to Home Page(file:///Users/barinderthind/Desktop/QA/Cucumber/CucumberWorkspace/BDDSdetAdda/src/test/resources/features/login.feature:9)
]]>
            </full-stacktrace>
          </exception> <!-- java.lang.AssertionError -->
          <reporter-output>
          </reporter-output>
        </test-method> <!-- runScenario -->
        <test-method signature="runScenario(io.cucumber.testng.PickleWrapper, io.cucumber.testng.FeatureWrapper)[pri:0, instance:testRunner.CucumberTestRunner@19d37183]" started-at="2025-03-26T13:50:41 ADT" name="runScenario" description="Runs Cucumber Scenarios" data-provider="scenarios" finished-at="2025-03-26T13:50:53 ADT" duration-ms="12087" status="PASS">
          <params>
            <param index="0">
              <value>
                <![CDATA["Check Login is successful With Valid Creds"]]>
              </value>
            </param>
            <param index="1">
              <value>
                <![CDATA["Login page Automation of CRM Demo"]]>
              </value>
            </param>
          </params>
          <reporter-output>
          </reporter-output>
        </test-method> <!-- runScenario -->
        <test-method is-config="true" signature="tearDownClass()[pri:0, instance:testRunner.CucumberTestRunner@19d37183]" started-at="2025-03-26T13:50:53 ADT" name="tearDownClass" finished-at="2025-03-26T13:50:53 ADT" duration-ms="136" status="PASS">
          <reporter-output>
          </reporter-output>
        </test-method> <!-- tearDownClass -->
      </class> <!-- testRunner.CucumberTestRunner -->
    </test> <!-- Default test -->
  </suite> <!-- Default suite -->
</testng-results>
