<?xml version="1.0" encoding="UTF-8"?>
<!-- Generated by org.testng.reporters.JUnitReportReporter -->
<testsuite hostname="Barinders-Air" failures="1" tests="8" name="testRunner.CucumberTestRunner" time="115.866" errors="0" timestamp="2025-03-26T13:50:53 ADT" skipped="0">
  <testcase classname="testRunner.CucumberTestRunner" name="runScenario" time="13.917"/>
  <testcase classname="testRunner.CucumberTestRunner" name="runScenario" time="14.532"/>
  <testcase classname="testRunner.CucumberTestRunner" name="runScenario" time="12.087"/>
  <testcase classname="testRunner.CucumberTestRunner" name="runScenario" time="17.271"/>
  <testcase classname="testRunner.CucumberTestRunner" name="runScenario" time="16.962"/>
  <testcase classname="testRunner.CucumberTestRunner" name="runScenario" time="13.159"/>
  <testcase classname="testRunner.CucumberTestRunner" name="runScenario" time="14.154">
    <failure message="User is navigated to Home Page did not expect to find [true] but found [false]" type="java.lang.AssertionError">
      <![CDATA[java.lang.AssertionError: User is navigated to Home Page did not expect to find [true] but found [false]
at org.testng.Assert.fail(Assert.java:97)
at org.testng.Assert.failNotEquals(Assert.java:969)
at org.testng.Assert.assertTrue(Assert.java:43)
at stepDefinitions.LoginStepDefinition.user_is_navigated_to_home_page(LoginStepDefinition.java:46)
at âœ½.User is navigated to Home Page(file:///Users/barinderthind/Desktop/QA/Cucumber/CucumberWorkspace/BDDSdetAdda/src/test/resources/features/login.feature:9)
]]>
    </failure>
  </testcase> <!-- runScenario -->
  <testcase classname="testRunner.CucumberTestRunner" name="runScenario" time="13.784"/>
</testsuite> <!-- testRunner.CucumberTestRunner -->
